<?xml version="1.0" encoding="UTF-8"?>
<testsuite xmlns:xsi="http://www.w3.org/2001/XMLSchema-instance" xsi:noNamespaceSchemaLocation="https://maven.apache.org/surefire/maven-surefire-plugin/xsd/surefire-test-report-3.0.xsd" version="3.0" name="graph.GraphTests" time="0.066" tests="4" errors="0" skipped="0" failures="0">
  <properties>
[...]
</properties>
  <testcase name="testEmptyGraphSCC" classname="graph.GraphTests" time="0.024"/>
  <testcase name="testSmallSCC" classname="graph.GraphTests" time="0.004"/>
  <testcase name="testTopoAndPaths" classname="graph.GraphTests" time="0.003"/>
  <testcase name="testSingleNodeGraph" classname="graph.GraphTests" time="0.001"/>
</testsuite>